Der Buildvorgang wurde am 22.10.2015 12:50:28 gestartet.
     1>Projekt "Z:\NAC\NAC_Uebung\RunningGag\NAC_Projekte\NAC_Projekte\NAC_Projekte.vcxproj" auf Knoten "2", Build Ziel(e).
     1>ClCompile:
         C:\Program Files (x86)\Microsoft Visual Studio 12.0\VC\bin\CL.exe /c /ZI /nologo /W3 /WX- /sdl /Od /Oy- /D _MBCS /Gm /EHsc /RTC1 /MDd /GS /fp:precise /Zc:wchar_t /Zc:forScope /Fo"Debug\\" /Fd"Debug\vc120.pdb" /Gd /TP /analyze- /errorReport:prompt Hauptprogramm.cpp Matrix.cpp Vektor.cpp Vektor2D.cpp
         Vektor2D.cpp
     1>z:\nac\nac_uebung\runninggag\nac_projekte\nac_projekte\vektor2d.cpp(5): warning C4244: '=': Konvertierung von 'int' in 'float', möglicher Datenverlust
     1>z:\nac\nac_uebung\runninggag\nac_projekte\nac_projekte\vektor2d.cpp(6): warning C4244: '=': Konvertierung von 'int' in 'float', möglicher Datenverlust
         Vektor.cpp
         Matrix.cpp
         Hauptprogramm.cpp
         Code wird generiert...
       Link:
         C:\Program Files (x86)\Microsoft Visual Studio 12.0\VC\bin\link.exe /ERRORREPORT:PROMPT /OUT:"Z:\NAC\NAC_Uebung\RunningGag\NAC_Projekte\Debug\NAC_Projekte.exe" /INCREMENTAL /NOLOGO kernel32.lib user32.lib gdi32.lib winspool.lib comdlg32.lib advapi32.lib shell32.lib ole32.lib oleaut32.lib uuid.lib odbc32.lib odbccp32.lib /MANIFEST /MANIFESTUAC:"level='asInvoker' uiAccess='false'" /manifest:embed /DEBUG /PDB:"Z:\NAC\NAC_Uebung\RunningGag\NAC_Projekte\Debug\NAC_Projekte.pdb" /TLBID:1 /DYNAMICBASE /NXCOMPAT /IMPLIB:"Z:\NAC\NAC_Uebung\RunningGag\NAC_Projekte\Debug\NAC_Projekte.lib" /MACHINE:X86 Debug\Hauptprogramm.obj
         Debug\Matrix.obj
         Debug\Vektor.obj
         Debug\Vektor2D.obj
         NAC_Projekte.vcxproj -> Z:\NAC\NAC_Uebung\RunningGag\NAC_Projekte\Debug\NAC_Projekte.exe
     1>Die Erstellung des Projekts "Z:\NAC\NAC_Uebung\RunningGag\NAC_Projekte\NAC_Projekte\NAC_Projekte.vcxproj" ist abgeschlossen, Build Ziel(e).

Build erfolgreich.

Verstrichene Zeit 00:00:04.14
